[debug] [2023-11-14T00:22:51.394Z] ----------------------------------------------------------------------
[debug] [2023-11-14T00:22:51.402Z] Command:       C:\Program Files\nodejs\node.exe C:\Users\13147\AppData\Roaming\npm\node_modules\firebase-tools\lib\bin\firebase.js init hosting
[debug] [2023-11-14T00:22:51.403Z] CLI Version:   8.12.1
[debug] [2023-11-14T00:22:51.403Z] Platform:      win32
[debug] [2023-11-14T00:22:51.403Z] Node Version:  v20.8.0
[debug] [2023-11-14T00:22:51.403Z] Time:          Mon Nov 13 2023 18:22:51 GMT-0600 (Central Standard Time)
[debug] [2023-11-14T00:22:51.404Z] ----------------------------------------------------------------------
[debug] [2023-11-14T00:22:51.404Z] 
[debug] [2023-11-14T00:22:51.424Z] > command requires scopes: ["email","openid","https://www.googleapis.com/auth/cloudplatformprojects.readonly","https://www.googleapis.com/auth/firebase","https://www.googleapis.com/auth/cloud-platform"]
[debug] [2023-11-14T00:22:51.426Z] > authorizing via signed-in user
[info] 
     ######## #### ########  ######## ########     ###     ######  ########
     ##        ##  ##     ## ##       ##     ##  ##   ##  ##       ##
     ######    ##  ########  ######   ########  #########  ######  ######
     ##        ##  ##    ##  ##       ##     ## ##     ##       ## ##
     ##       #### ##     ## ######## ########  ##     ##  ######  ########

You're about to initialize a Firebase project in this directory:

  C:\Users\13147\desktop\my-first-app\my-first-app

[info] 
=== Project Setup
[info] 
[info] First, let's associate this project directory with a Firebase project.
[info] You can create multiple project aliases by running firebase use --add, 
[info] but for now we'll just set up a default project.
[info] 
[debug] [2023-11-14T00:23:06.232Z] > refreshing access token with scopes: ["email","https://www.googleapis.com/auth/cloud-platform","https://www.googleapis.com/auth/cloudplatformprojects.readonly","https://www.googleapis.com/auth/firebase","openid"]
[debug] [2023-11-14T00:23:06.233Z] >>> HTTP REQUEST POST https://www.googleapis.com/oauth2/v3/token  
 <request body omitted>
[debug] [2023-11-14T00:23:06.623Z] <<< HTTP RESPONSE 200 {"expires":"Mon, 01 Jan 1990 00:00:00 GMT","date":"Tue, 14 Nov 2023 00:23:10 GMT","cache-control":"no-cache, no-store, max-age=0, must-revalidate","pragma":"no-cache","content-type":"application/json; charset=utf-8","vary":"X-Origin, Referer, Origin,Accept-Encoding","server":"scaffolding on HTTPServer2","x-xss-protection":"0","x-frame-options":"SAMEORIGIN","x-content-type-options":"nosniff","alt-svc":"h3=\":443\"; ma=2592000,h3-29=\":443\"; ma=2592000","accept-ranges":"none","transfer-encoding":"chunked"}
[debug] [2023-11-14T00:23:06.637Z] >>> HTTP REQUEST GET https://firebase.googleapis.com/v1beta1/projects?pageSize=100  
 
[debug] [2023-11-14T00:23:07.121Z] <<< HTTP RESPONSE 200 {"content-type":"application/json; charset=UTF-8","vary":"X-Origin, Referer, Origin,Accept-Encoding","date":"Tue, 14 Nov 2023 00:23:10 GMT","server":"ESF","cache-control":"private","x-xss-protection":"0","x-frame-options":"SAMEORIGIN","x-content-type-options":"nosniff","alt-svc":"h3=\":443\"; ma=2592000,h3-29=\":443\"; ma=2592000","accept-ranges":"none","transfer-encoding":"chunked"}
[info] i  Using project stately-minutia-333715 (My First Project) 
[info] 
=== Hosting Setup
[info] 
[info] Your public directory is the folder (relative to your project directory) that
[info] will contain Hosting assets to be uploaded with firebase deploy. If you
[info] have a build process for your assets, use your build's output directory.
[info] 
[debug] [2023-11-14T00:24:24.253Z] >>> HTTP REQUEST GET https://www.gstatic.com/firebasejs/releases.json  
 
[debug] [2023-11-14T00:24:24.535Z] <<< HTTP RESPONSE 200 {"accept-ranges":"bytes","content-security-policy-report-only":"require-trusted-types-for 'script'; report-uri https://csp.withgoogle.com/csp/firebase-js","cross-origin-resource-policy":"cross-origin","cross-origin-opener-policy":"same-origin-allow-popups; report-to=\"firebase-js\"","report-to":"{\"group\":\"firebase-js\",\"max_age\":2592000,\"endpoints\":[{\"url\":\"https://csp.withgoogle.com/csp/report-to/firebase-js\"}]}","content-length":"1787","x-content-type-options":"nosniff","server":"sffe","x-xss-protection":"0","date":"Tue, 14 Nov 2023 00:08:19 GMT","expires":"Tue, 14 Nov 2023 00:58:19 GMT","cache-control":"public, max-age=3000","last-modified":"Thu, 09 Nov 2023 16:12:50 GMT","content-type":"application/json","vary":"Accept-Encoding, Origin","age":"969","alt-svc":"h3=\":443\"; ma=2592000,h3-29=\":443\"; ma=2592000"}
[info] +  Wrote dst/my-first-app/index.html 
[info] 
[info] i  Detected a .git folder at C:\Users\13147\desktop\my-first-app\my-first-app 
[info] i  Authorizing with GitHub to upload your service account to a GitHub repository's secrets store. 
[info] 
[info] Visit this URL on this device to log in:
[info] https://github.com/login/oauth/authorize?client_id=89cf50f02ac6aaed3484&state=103583592&redirect_uri=http%3A%2F%2Flocalhost%3A9005&scope=read%3Auser%20repo%20public_repo
[info] 
[info] Waiting for authentication...
[debug] [2023-11-14T00:24:49.371Z] >>> HTTP REQUEST POST https://github.com/login/oauth/access_token  
 {"client_id":"89cf50f02ac6aaed3484","client_secret":"3330d14abc895d9a74d5f17cd7a00711fa2c5bf0","code":"a740a3a798ac53a859b7","redirect_uri":"http://localhost:9005","state":"103583592"}
[debug] [2023-11-14T00:24:50.555Z] <<< HTTP RESPONSE 200 {"server":"GitHub.com","date":"Tue, 14 Nov 2023 00:24:54 GMT","content-type":"application/json; charset=utf-8","transfer-encoding":"chunked","vary":"X-PJAX, X-PJAX-Container, Turbo-Visit, Turbo-Frame, Accept-Encoding, Accept, X-Requested-With","etag":"W/\"9fa41bc115deaf6706851f05755765b9\"","cache-control":"max-age=0, private, must-revalidate","strict-transport-security":"max-age=31536000; includeSubdomains; preload","x-frame-options":"deny","x-content-type-options":"nosniff","x-xss-protection":"0","referrer-policy":"origin-when-cross-origin, strict-origin-when-cross-origin","content-security-policy":"default-src 'none'; base-uri 'self'; child-src github.com/assets-cdn/worker/ gist.github.com/assets-cdn/worker/; connect-src 'self' uploads.github.com www.githubstatus.com collector.github.com raw.githubusercontent.com api.githubcopilot.com api.github.com github-cloud.s3.amazonaws.com github-production-repository-file-5c1aeb.s3.amazonaws.com github-production-upload-manifest-file-7fdce7.s3.amazonaws.com github-production-user-asset-6210df.s3.amazonaws.com cdn.optimizely.com logx.optimizely.com/v1/events objects-origin.githubusercontent.com *.actions.githubusercontent.com productionresultssa0.blob.core.windows.net/ productionresultssa1.blob.core.windows.net/ productionresultssa2.blob.core.windows.net/ productionresultssa3.blob.core.windows.net/ productionresultssa4.blob.core.windows.net/ productionresultssa5.blob.core.windows.net/ productionresultssa6.blob.core.windows.net/ productionresultssa7.blob.core.windows.net/ productionresultssa8.blob.core.windows.net/ productionresultssa9.blob.core.windows.net/ staffwus201resultssa0.blob.core.windows.net/ staffwus201resultssa1.blob.core.windows.net/ prodweu01resultssa0.blob.core.windows.net/ prodweu01resultssa1.blob.core.windows.net/ prodweu01resultssa2.blob.core.windows.net/ prodweu01resultssa3.blob.core.windows.net/ wss://*.actions.githubusercontent.com github-production-repository-image-32fea6.s3.amazonaws.com github-production-release-asset-2e65be.s3.amazonaws.com insights.github.com wss://alive.github.com; font-src github.githubassets.com; form-action 'self' github.com gist.github.com objects-origin.githubusercontent.com; frame-ancestors 'none'; frame-src viewscreen.githubusercontent.com notebooks.githubusercontent.com support.github.com; img-src 'self' data: github.githubassets.com media.githubusercontent.com camo.githubusercontent.com identicons.github.com avatars.githubusercontent.com github-cloud.s3.amazonaws.com objects.githubusercontent.com secured-user-images.githubusercontent.com/ user-images.githubusercontent.com/ private-user-images.githubusercontent.com opengraph.githubassets.com github-production-user-asset-6210df.s3.amazonaws.com customer-stories-feed.github.com spotlights-feed.github.com objects-origin.githubusercontent.com *.githubusercontent.com; manifest-src 'self'; media-src github.com user-images.githubusercontent.com/ secured-user-images.githubusercontent.com/ private-user-images.githubusercontent.com github-production-user-asset-6210df.s3.amazonaws.com; script-src github.githubassets.com; style-src 'unsafe-inline' github.githubassets.com; upgrade-insecure-requests; worker-src github.com/assets-cdn/worker/ gist.github.com/assets-cdn/worker/","x-github-request-id":"F33A:20E5:13455FF:1BDA38A:6552BE55"}
[debug] [2023-11-14T00:24:50.558Z] >>> HTTP REQUEST GET https://api.github.com/user  
 
[debug] [2023-11-14T00:24:50.954Z] <<< HTTP RESPONSE 200 {"server":"GitHub.com","date":"Tue, 14 Nov 2023 00:24:54 GMT","content-type":"application/json; charset=utf-8","content-length":"1406","cache-control":"private, max-age=60, s-maxage=60","vary":"Accept, Authorization, Cookie, X-GitHub-OTP, Accept-Encoding, Accept, X-Requested-With","etag":"\"2aa889354dc70be45367c4e4cb79d1bffa7667007e0a5d2b0a5f7c43be260df9\"","last-modified":"Sat, 07 Oct 2023 23:05:16 GMT","x-oauth-scopes":"read:user, repo","x-accepted-oauth-scopes":"","x-oauth-client-id":"89cf50f02ac6aaed3484","x-github-media-type":"github.v3","x-github-api-version-selected":"2022-11-28","x-ratelimit-limit":"5000","x-ratelimit-remaining":"4999","x-ratelimit-reset":"1699925094","x-ratelimit-used":"1","x-ratelimit-resource":"core","access-control-expose-headers":"ETag, Link, Location, Retry-After, X-GitHub-OTP, X-RateLimit-Limit, X-RateLimit-Remaining, X-RateLimit-Used, X-RateLimit-Resource, X-RateLimit-Reset, X-OAuth-Scopes, X-Accepted-OAuth-Scopes, X-Poll-Interval, X-GitHub-Media-Type, X-GitHub-SSO, X-GitHub-Request-Id, Deprecation, Sunset","access-control-allow-origin":"*","strict-transport-security":"max-age=31536000; includeSubdomains; preload","x-frame-options":"deny","x-content-type-options":"nosniff","x-xss-protection":"0","referrer-policy":"origin-when-cross-origin, strict-origin-when-cross-origin","content-security-policy":"default-src 'none'","x-github-request-id":"F33D:40EF:D78853:1C0010C:6552BE56"}
[info] 
[info] +  Success! Logged into GitHub as wnorfleet15 
[info] 
[debug] [2023-11-14T00:25:29.348Z] >>> HTTP REQUEST GET https://api.github.com/repos/my-first-app/actions/secrets/public-key?type=owner  
 
[debug] [2023-11-14T00:25:29.867Z] <<< HTTP RESPONSE 404 {"server":"GitHub.com","date":"Tue, 14 Nov 2023 00:25:33 GMT","content-type":"application/json; charset=utf-8","content-length":"74","x-oauth-scopes":"read:user, repo","x-accepted-oauth-scopes":"repo","x-oauth-client-id":"89cf50f02ac6aaed3484","x-github-media-type":"github.v3","x-github-api-version-selected":"2022-11-28","x-ratelimit-limit":"5000","x-ratelimit-remaining":"4998","x-ratelimit-reset":"1699925094","x-ratelimit-used":"2","x-ratelimit-resource":"core","access-control-expose-headers":"ETag, Link, Location, Retry-After, X-GitHub-OTP, X-RateLimit-Limit, X-RateLimit-Remaining, X-RateLimit-Used, X-RateLimit-Resource, X-RateLimit-Reset, X-OAuth-Scopes, X-Accepted-OAuth-Scopes, X-Poll-Interval, X-GitHub-Media-Type, X-GitHub-SSO, X-GitHub-Request-Id, Deprecation, Sunset","access-control-allow-origin":"*","strict-transport-security":"max-age=31536000; includeSubdomains; preload","x-frame-options":"deny","x-content-type-options":"nosniff","x-xss-protection":"0","referrer-policy":"origin-when-cross-origin, strict-origin-when-cross-origin","content-security-policy":"default-src 'none'","vary":"Accept-Encoding, Accept, X-Requested-With","x-github-request-id":"F358:9301:DDEC9F:1CCA930:6552BE7D"}
[debug] [2023-11-14T00:25:29.867Z] <<< HTTP RESPONSE BODY Not Found {"message":"Not Found","documentation_url":"https://docs.github.com/rest"}
[debug] [2023-11-14T00:27:01.677Z] >>> HTTP REQUEST GET https://api.github.com/repos/Angular-App/actions/secrets/public-key?type=owner  
 
[debug] [2023-11-14T00:27:02.032Z] <<< HTTP RESPONSE 404 {"server":"GitHub.com","date":"Tue, 14 Nov 2023 00:27:05 GMT","content-type":"application/json; charset=utf-8","content-length":"74","x-oauth-scopes":"read:user, repo","x-accepted-oauth-scopes":"repo","x-oauth-client-id":"89cf50f02ac6aaed3484","x-github-media-type":"github.v3","x-github-api-version-selected":"2022-11-28","x-ratelimit-limit":"5000","x-ratelimit-remaining":"4997","x-ratelimit-reset":"1699925094","x-ratelimit-used":"3","x-ratelimit-resource":"core","access-control-expose-headers":"ETag, Link, Location, Retry-After, X-GitHub-OTP, X-RateLimit-Limit, X-RateLimit-Remaining, X-RateLimit-Used, X-RateLimit-Resource, X-RateLimit-Reset, X-OAuth-Scopes, X-Accepted-OAuth-Scopes, X-Poll-Interval, X-GitHub-Media-Type, X-GitHub-SSO, X-GitHub-Request-Id, Deprecation, Sunset","access-control-allow-origin":"*","strict-transport-security":"max-age=31536000; includeSubdomains; preload","x-frame-options":"deny","x-content-type-options":"nosniff","x-xss-protection":"0","referrer-policy":"origin-when-cross-origin, strict-origin-when-cross-origin","content-security-policy":"default-src 'none'","vary":"Accept-Encoding, Accept, X-Requested-With","x-github-request-id":"F3A6:24A4:A24145:15148B1:6552BED9"}
[debug] [2023-11-14T00:27:02.033Z] <<< HTTP RESPONSE BODY Not Found {"message":"Not Found","documentation_url":"https://docs.github.com/rest"}
[debug] [2023-11-14T00:27:05.999Z] >>> HTTP REQUEST GET https://api.github.com/repos//actions/secrets/public-key?type=owner  
 
[debug] [2023-11-14T00:27:06.126Z] <<< HTTP RESPONSE 404 {"server":"GitHub.com","date":"Tue, 14 Nov 2023 00:27:09 GMT","content-type":"application/json; charset=utf-8","content-length":"74","x-oauth-scopes":"read:user, repo","x-accepted-oauth-scopes":"repo","x-oauth-client-id":"89cf50f02ac6aaed3484","x-github-media-type":"github.v3","x-github-api-version-selected":"2022-11-28","x-ratelimit-limit":"5000","x-ratelimit-remaining":"4996","x-ratelimit-reset":"1699925094","x-ratelimit-used":"4","x-ratelimit-resource":"core","access-control-expose-headers":"ETag, Link, Location, Retry-After, X-GitHub-OTP, X-RateLimit-Limit, X-RateLimit-Remaining, X-RateLimit-Used, X-RateLimit-Resource, X-RateLimit-Reset, X-OAuth-Scopes, X-Accepted-OAuth-Scopes, X-Poll-Interval, X-GitHub-Media-Type, X-GitHub-SSO, X-GitHub-Request-Id, Deprecation, Sunset","access-control-allow-origin":"*","strict-transport-security":"max-age=31536000; includeSubdomains; preload","x-frame-options":"deny","x-content-type-options":"nosniff","x-xss-protection":"0","referrer-policy":"origin-when-cross-origin, strict-origin-when-cross-origin","content-security-policy":"default-src 'none'","vary":"Accept-Encoding, Accept, X-Requested-With","x-github-request-id":"F3A6:24A4:A24731:1515523:6552BED9"}
[debug] [2023-11-14T00:27:06.126Z] <<< HTTP RESPONSE BODY Not Found {"message":"Not Found","documentation_url":"https://docs.github.com/rest"}
[debug] [2023-11-14T00:27:07.062Z] >>> HTTP REQUEST GET https://api.github.com/repos//actions/secrets/public-key?type=owner  
 
[debug] [2023-11-14T00:27:07.157Z] <<< HTTP RESPONSE 404 {"server":"GitHub.com","date":"Tue, 14 Nov 2023 00:27:10 GMT","content-type":"application/json; charset=utf-8","content-length":"74","x-oauth-scopes":"read:user, repo","x-accepted-oauth-scopes":"repo","x-oauth-client-id":"89cf50f02ac6aaed3484","x-github-media-type":"github.v3","x-github-api-version-selected":"2022-11-28","x-ratelimit-limit":"5000","x-ratelimit-remaining":"4995","x-ratelimit-reset":"1699925094","x-ratelimit-used":"5","x-ratelimit-resource":"core","access-control-expose-headers":"ETag, Link, Location, Retry-After, X-GitHub-OTP, X-RateLimit-Limit, X-RateLimit-Remaining, X-RateLimit-Used, X-RateLimit-Resource, X-RateLimit-Reset, X-OAuth-Scopes, X-Accepted-OAuth-Scopes, X-Poll-Interval, X-GitHub-Media-Type, X-GitHub-SSO, X-GitHub-Request-Id, Deprecation, Sunset","access-control-allow-origin":"*","strict-transport-security":"max-age=31536000; includeSubdomains; preload","x-frame-options":"deny","x-content-type-options":"nosniff","x-xss-protection":"0","referrer-policy":"origin-when-cross-origin, strict-origin-when-cross-origin","content-security-policy":"default-src 'none'","vary":"Accept-Encoding, Accept, X-Requested-With","x-github-request-id":"F3A6:24A4:A248BA:151584A:6552BEDD"}
[debug] [2023-11-14T00:27:07.157Z] <<< HTTP RESPONSE BODY Not Found {"message":"Not Found","documentation_url":"https://docs.github.com/rest"}
[debug] [2023-11-14T00:27:12.634Z] >>> HTTP REQUEST GET https://api.github.com/repos//actions/secrets/public-key?type=owner  
 
[debug] [2023-11-14T00:27:12.888Z] <<< HTTP RESPONSE 404 {"server":"GitHub.com","date":"Tue, 14 Nov 2023 00:27:16 GMT","content-type":"application/json; charset=utf-8","content-length":"74","x-oauth-scopes":"read:user, repo","x-accepted-oauth-scopes":"repo","x-oauth-client-id":"89cf50f02ac6aaed3484","x-github-media-type":"github.v3","x-github-api-version-selected":"2022-11-28","x-ratelimit-limit":"5000","x-ratelimit-remaining":"4994","x-ratelimit-reset":"1699925094","x-ratelimit-used":"6","x-ratelimit-resource":"core","access-control-expose-headers":"ETag, Link, Location, Retry-After, X-GitHub-OTP, X-RateLimit-Limit, X-RateLimit-Remaining, X-RateLimit-Used, X-RateLimit-Resource, X-RateLimit-Reset, X-OAuth-Scopes, X-Accepted-OAuth-Scopes, X-Poll-Interval, X-GitHub-Media-Type, X-GitHub-SSO, X-GitHub-Request-Id, Deprecation, Sunset","access-control-allow-origin":"*","strict-transport-security":"max-age=31536000; includeSubdomains; preload","x-frame-options":"deny","x-content-type-options":"nosniff","x-xss-protection":"0","referrer-policy":"origin-when-cross-origin, strict-origin-when-cross-origin","content-security-policy":"default-src 'none'","vary":"Accept-Encoding, Accept, X-Requested-With","x-github-request-id":"F3AF:71E7:A51151:1570C30:6552BEE4"}
[debug] [2023-11-14T00:27:12.889Z] <<< HTTP RESPONSE BODY Not Found {"message":"Not Found","documentation_url":"https://docs.github.com/rest"}
[debug] [2023-11-14T00:29:21.215Z] >>> HTTP REQUEST GET https://api.github.com/repos/Angular-App-on-github/actions/secrets/public-key?type=owner  
 
[debug] [2023-11-14T00:29:22.024Z] <<< HTTP RESPONSE 404 {"server":"GitHub.com","date":"Tue, 14 Nov 2023 00:29:25 GMT","content-type":"application/json; charset=utf-8","content-length":"74","x-oauth-scopes":"read:user, repo","x-accepted-oauth-scopes":"repo","x-oauth-client-id":"89cf50f02ac6aaed3484","x-github-media-type":"github.v3","x-github-api-version-selected":"2022-11-28","x-ratelimit-limit":"5000","x-ratelimit-remaining":"4991","x-ratelimit-reset":"1699925094","x-ratelimit-used":"9","x-ratelimit-resource":"core","access-control-expose-headers":"ETag, Link, Location, Retry-After, X-GitHub-OTP, X-RateLimit-Limit, X-RateLimit-Remaining, X-RateLimit-Used, X-RateLimit-Resource, X-RateLimit-Reset, X-OAuth-Scopes, X-Accepted-OAuth-Scopes, X-Poll-Interval, X-GitHub-Media-Type, X-GitHub-SSO, X-GitHub-Request-Id, Deprecation, Sunset","access-control-allow-origin":"*","strict-transport-security":"max-age=31536000; includeSubdomains; preload","x-frame-options":"deny","x-content-type-options":"nosniff","x-xss-protection":"0","referrer-policy":"origin-when-cross-origin, strict-origin-when-cross-origin","content-security-policy":"default-src 'none'","vary":"Accept-Encoding, Accept, X-Requested-With","x-github-request-id":"F413:45E9:DB32BB:1C7416F:6552BF65"}
[debug] [2023-11-14T00:29:22.027Z] <<< HTTP RESPONSE BODY Not Found {"message":"Not Found","documentation_url":"https://docs.github.com/rest"}
